[debug] [2018-06-13T21:31:46.691Z] ----------------------------------------------------------------------
[debug] [2018-06-13T21:31:46.693Z] Command:       C:\Program Files\nodejs\node.exe C:\Users\0guig\AppData\Roaming\npm\node_modules\firebase-tools\bin\firebase deploy
[debug] [2018-06-13T21:31:46.693Z] CLI Version:   3.18.6
[debug] [2018-06-13T21:31:46.693Z] Platform:      win32
[debug] [2018-06-13T21:31:46.693Z] Node Version:  v8.11.2
[debug] [2018-06-13T21:31:46.693Z] Time:          Wed Jun 13 2018 18:31:46 GMT-0300 (Hora oficial do Brasil)
[debug] [2018-06-13T21:31:46.693Z] ----------------------------------------------------------------------
[debug] 
[debug] [2018-06-13T21:31:46.720Z] > command requires scopes: ["email","openid","https://www.googleapis.com/auth/cloudplatformprojects.readonly","https://www.googleapis.com/auth/firebase","https://www.googleapis.com/auth/cloud-platform"]
[debug] [2018-06-13T21:31:46.721Z] > authorizing via signed-in user
[debug] [2018-06-13T21:31:46.723Z] > refreshing access token with scopes: ["email","https://www.googleapis.com/auth/cloud-platform","https://www.googleapis.com/auth/cloudplatformprojects.readonly","https://www.googleapis.com/auth/firebase","openid"]
[debug] [2018-06-13T21:31:46.724Z] >>> HTTP REQUEST POST https://www.googleapis.com/oauth2/v3/token  
 { refresh_token: '1/HVWQ03K_cMS3gYmnBrFsUBRMVCDphFnwgUBOPjkRRvs',
  client_id: '563584335869-fgrhgmd47bqnekij5i8b5pr03ho849e6.apps.googleusercontent.com',
  client_secret: 'j9iVZfS8kkCEFUPaAeJV0sAi',
  grant_type: 'refresh_token',
  scope: 'email https://www.googleapis.com/auth/cloud-platform https://www.googleapis.com/auth/cloudplatformprojects.readonly https://www.googleapis.com/auth/firebase openid' } 
 Wed Jun 13 2018 18:31:46 GMT-0300 (Hora oficial do Brasil)
[debug] [2018-06-13T21:31:47.181Z] <<< HTTP RESPONSE 200
[debug] [2018-06-13T21:31:47.185Z] >>> HTTP REQUEST GET https://admin.firebase.com/v1/projects/facebookbot-91914  
  
 Wed Jun 13 2018 18:31:47 GMT-0300 (Hora oficial do Brasil)
[debug] [2018-06-13T21:31:48.836Z] <<< HTTP RESPONSE 200
[debug] [2018-06-13T21:31:48.837Z] >>> HTTP REQUEST GET https://admin.firebase.com/v1/database/facebookbot-91914/tokens  
  
 Wed Jun 13 2018 18:31:48 GMT-0300 (Hora oficial do Brasil)
[debug] [2018-06-13T21:31:49.633Z] <<< HTTP RESPONSE 200
[warn] !  functions: package.json indicates an outdated version of firebase-functions.
 Please upgrade using npm install --save firebase-functions@latest in your functions directory.
[warn] !  functions: Please note that there will be breaking changes when you upgrade.
 Go to https://firebase.google.com/docs/functions/beta-v1-diff to learn more.
[info] 
[info] === Deploying to 'facebookbot-91914'...
[info] 
[info] i  deploying functions
[debug] [2018-06-13T21:31:53.123Z] > [functions] package.json contents: {
  "name": "dialogflowFirebaseFulfillment",
  "description": "This is the default fulfillment for a Dialogflow agents using Cloud Functions for Firebase",
  "version": "0.0.1",
  "private": true,
  "license": "Apache Version 2.0",
  "author": "Google Inc.",
  "engines": {
    "node": "~6.0"
  },
  "scripts": {
    "start": "firebase serve --only functions:dialogflowFirebaseFulfillment",
    "deploy": "firebase deploy --only functions:dialogflowFirebaseFulfillment"
  },
  "dependencies": {
    "actions-on-google": "2.0.0-alpha.3",
    "firebase-admin": "^4.2.1",
    "firebase-functions": "^0.5.7",
    "dialogflow": "^0.1.0",
    "dialogflow-fulfillment": "0.3.0-beta.2"
  }
}
[info] i  functions: ensuring necessary APIs are enabled...
[debug] [2018-06-13T21:31:53.123Z] >>> HTTP REQUEST GET https://servicemanagement.googleapis.com/v1/services/cloudfunctions.googleapis.com/projectSettings/facebookbot-91914?view=CONSUMER_VIEW  
  
 Wed Jun 13 2018 18:31:53 GMT-0300 (Hora oficial do Brasil)
[debug] [2018-06-13T21:31:53.124Z] >>> HTTP REQUEST GET https://servicemanagement.googleapis.com/v1/services/runtimeconfig.googleapis.com/projectSettings/facebookbot-91914?view=CONSUMER_VIEW  
  
 Wed Jun 13 2018 18:31:53 GMT-0300 (Hora oficial do Brasil)
[debug] [2018-06-13T21:31:54.834Z] <<< HTTP RESPONSE 200
[info] +  functions: all necessary APIs are enabled
[debug] [2018-06-13T21:31:54.984Z] <<< HTTP RESPONSE 200
[debug] [2018-06-13T21:31:54.984Z] >>> HTTP REQUEST GET https://cloudresourcemanager.googleapis.com/v1/projects/facebookbot-91914  
  
 Wed Jun 13 2018 18:31:54 GMT-0300 (Hora oficial do Brasil)
[debug] [2018-06-13T21:31:56.362Z] <<< HTTP RESPONSE 200
[debug] [2018-06-13T21:31:56.362Z] >>> HTTP REQUEST GET https://mobilesdk-pa.googleapis.com/v1/projects/792349543268:getServerAppConfig  
  
 Wed Jun 13 2018 18:31:56 GMT-0300 (Hora oficial do Brasil)
[debug] [2018-06-13T21:31:57.179Z] <<< HTTP RESPONSE 200
[info] i  functions: preparing functions directory for uploading...
[debug] [2018-06-13T21:31:57.180Z] >>> HTTP REQUEST GET https://runtimeconfig.googleapis.com/v1beta1/projects/facebookbot-91914/configs  
  
 Wed Jun 13 2018 18:31:57 GMT-0300 (Hora oficial do Brasil)
[debug] [2018-06-13T21:31:58.872Z] <<< HTTP RESPONSE 200
[info] i  functions: packaged functions (40.4 KB) for uploading
[debug] [2018-06-13T21:31:59.419Z] >>> HTTP REQUEST POST https://cloudfunctions.googleapis.com/v1/projects/facebookbot-91914/locations/us-central1/functions:generateUploadUrl  
  
 Wed Jun 13 2018 18:31:59 GMT-0300 (Hora oficial do Brasil)
[debug] [2018-06-13T21:32:00.254Z] <<< HTTP RESPONSE 200
[debug] [2018-06-13T21:32:00.254Z] >>> HTTP REQUEST PUT https://storage.googleapis.com/gcf-upload-us-central1-54caebe5-0725-4e6d-9639-77c9127cb519/f9d39cdb-2f31-40fa-9441-f889af5905c8.zip?GoogleAccessId=service-792349543268@gcf-admin-robot.iam.gserviceaccount.com&Expires=1528927324&Signature=bWpj25Xhao1Oi3zAcYw6DD%2F8%2BWAc28DpTOD6VeWLasPO9tqh%2BlqgMa3hRbrZ5PW4BmRo0aKJu9lKxI6tvsHGJSkltAVtT1YR3nd0juAC9P2pKnyQevjq%2FkY4msBlOPPkmkhTHIhjOzHn%2FiB%2Fpi33nH5NmABDebPqkV7cAoH4al7bWLdDS2X7K0vK0hts8zUrtIQiZKMrn8cWy0zuBNNYmkqG%2BAYGJEBMRjJhRUO4n1TtJA4eL4wDXG7V%2FXPw0zXrWmey2S%2BwnjKVl1%2FsB3V8sE%2FvSEUegs7PtQvDInGTzUTusuy4ET0hmqXBP3nqwg0R4wSa57BZRzBcYBcZtAiEhA%3D%3D  
 ReadStream {
  _readableState: 
   ReadableState {
     objectMode: false,
     highWaterMark: 65536,
     buffer: BufferList { head: [Object], tail: [Object], length: 1 },
     length: 41365,
     pipes: null,
     pipesCount: 0,
     flowing: null,
     ended: true,
     endEmitted: false,
     reading: false,
     sync: false,
     needReadable: false,
     emittedReadable: true,
     readableListening: false,
     resumeScheduled: false,
     destroyed: false,
     defaultEncoding: 'utf8',
     awaitDrain: 0,
     readingMore: false,
     decoder: null,
     encoding: null },
  readable: true,
  domain: null,
  _events: { end: [Function] },
  _eventsCount: 1,
  _maxListeners: undefined,
  path: 'C:\\Users\\0guig\\AppData\\Local\\Temp\\firebase-functions-2336o8zeuGqp01hf.zip',
  fd: 5,
  flags: 'r',
  mode: 438,
  start: undefined,
  end: Infinity,
  autoClose: true,
  pos: undefined,
  bytesRead: 41365 } 
 Wed Jun 13 2018 18:32:00 GMT-0300 (Hora oficial do Brasil)
[debug] [2018-06-13T21:32:01.092Z] <<< HTTP RESPONSE 200
[info] +  functions: functions folder uploaded successfully
[debug] [2018-06-13T21:32:01.094Z] >>> HTTP REQUEST GET https://cloudfunctions.googleapis.com/v1/projects/facebookbot-91914/locations/us-central1/functions  
  
 Wed Jun 13 2018 18:32:01 GMT-0300 (Hora oficial do Brasil)
[debug] [2018-06-13T21:32:01.488Z] <<< HTTP RESPONSE 200
[info] i  functions: updating function dialogflowFirebaseFulfillment...
[debug] [2018-06-13T21:32:01.490Z] Trigger is:  {"httpsTrigger":{}}
[debug] [2018-06-13T21:32:01.491Z] >>> HTTP REQUEST PATCH https://cloudfunctions.googleapis.com/v1/projects/facebookbot-91914/locations/us-central1/functions/dialogflowFirebaseFulfillment 
query params: {"updateMask":"sourceUploadUrl,name,labels,httpsTrigger"} 
 { sourceUploadUrl: 'https://storage.googleapis.com/gcf-upload-us-central1-54caebe5-0725-4e6d-9639-77c9127cb519/f9d39cdb-2f31-40fa-9441-f889af5905c8.zip?GoogleAccessId=service-792349543268@gcf-admin-robot.iam.gserviceaccount.com&Expires=1528927324&Signature=bWpj25Xhao1Oi3zAcYw6DD%2F8%2BWAc28DpTOD6VeWLasPO9tqh%2BlqgMa3hRbrZ5PW4BmRo0aKJu9lKxI6tvsHGJSkltAVtT1YR3nd0juAC9P2pKnyQevjq%2FkY4msBlOPPkmkhTHIhjOzHn%2FiB%2Fpi33nH5NmABDebPqkV7cAoH4al7bWLdDS2X7K0vK0hts8zUrtIQiZKMrn8cWy0zuBNNYmkqG%2BAYGJEBMRjJhRUO4n1TtJA4eL4wDXG7V%2FXPw0zXrWmey2S%2BwnjKVl1%2FsB3V8sE%2FvSEUegs7PtQvDInGTzUTusuy4ET0hmqXBP3nqwg0R4wSa57BZRzBcYBcZtAiEhA%3D%3D',
  name: 'projects/facebookbot-91914/locations/us-central1/functions/dialogflowFirebaseFulfillment',
  labels: { 'deployment-tool': 'cli-firebase' },
  httpsTrigger: {} } 
 Wed Jun 13 2018 18:32:01 GMT-0300 (Hora oficial do Brasil)
[debug] [2018-06-13T21:32:02.981Z] <<< HTTP RESPONSE 200
[debug] [2018-06-13T21:32:02.982Z] >>> HTTP REQUEST GET https://cloudfunctions.googleapis.com/v1/projects/facebookbot-91914/locations/us-central1/functions  
  
 Wed Jun 13 2018 18:32:02 GMT-0300 (Hora oficial do Brasil)
[debug] [2018-06-13T21:32:03.345Z] <<< HTTP RESPONSE 200
[debug] [2018-06-13T21:32:03.346Z] >>> HTTP REQUEST GET https://cloudfunctions.googleapis.com/v1/operations/ZmFjZWJvb2tib3QtOTE5MTQvdXMtY2VudHJhbDEvZGlhbG9nZmxvd0ZpcmViYXNlRnVsZmlsbG1lbnQvQV9Ob0IwM2tsZmc  
  
 Wed Jun 13 2018 18:32:03 GMT-0300 (Hora oficial do Brasil)
[debug] [2018-06-13T21:32:03.698Z] <<< HTTP RESPONSE 200
